Line 240: Class MediaPlayerCtl.MediaPlayer of control MediaPlayer1 was not a loaded control class.
Line 247: The property name AudioStream in MediaPlayer1 is invalid.
Line 249: The property name AutoStart in MediaPlayer1 is invalid.
Line 250: The property name AnimationAtStart in MediaPlayer1 is invalid.
Line 251: The property name AllowScan in MediaPlayer1 is invalid.
Line 252: The property name AllowChangeDisplaySize in MediaPlayer1 is invalid.
Line 253: The property name AutoRewind in MediaPlayer1 is invalid.
Line 254: The property name Balance in MediaPlayer1 is invalid.
Line 255: The property name BaseURL in MediaPlayer1 is invalid.
Line 256: The property name BufferingTime in MediaPlayer1 is invalid.
Line 257: The property name CaptioningID in MediaPlayer1 is invalid.
Line 258: The property name ClickToPlay in MediaPlayer1 is invalid.
Line 259: The property name CursorType in MediaPlayer1 is invalid.
Line 260: The property name CurrentPosition in MediaPlayer1 is invalid.
Line 261: The property name CurrentMarker in MediaPlayer1 is invalid.
Line 262: The property name DefaultFrame in MediaPlayer1 is invalid.
Line 263: The property name DisplayBackColor in MediaPlayer1 is invalid.
Line 264: The property name DisplayForeColor in MediaPlayer1 is invalid.
Line 265: The property name DisplayMode in MediaPlayer1 is invalid.
Line 266: The property name DisplaySize in MediaPlayer1 is invalid.
Line 268: The property name EnableContextMenu in MediaPlayer1 is invalid.
Line 269: The property name EnablePositionControls in MediaPlayer1 is invalid.
Line 270: The property name EnableFullScreenControls in MediaPlayer1 is invalid.
Line 271: The property name EnableTracker in MediaPlayer1 is invalid.
Line 272: The property name Filename in MediaPlayer1 is invalid.
Line 273: The property name InvokeURLs in MediaPlayer1 is invalid.
Line 274: The property name Language in MediaPlayer1 is invalid.
Line 275: The property name Mute in MediaPlayer1 is invalid.
Line 276: The property name PlayCount in MediaPlayer1 is invalid.
Line 277: The property name PreviewMode in MediaPlayer1 is invalid.
Line 278: The property name Rate in MediaPlayer1 is invalid.
Line 279: The property name SAMILang in MediaPlayer1 is invalid.
Line 280: The property name SAMIStyle in MediaPlayer1 is invalid.
Line 281: The property name SAMIFileName in MediaPlayer1 is invalid.
Line 282: The property name SelectionStart in MediaPlayer1 is invalid.
Line 283: The property name SelectionEnd in MediaPlayer1 is invalid.
Line 284: The property name SendOpenStateChangeEvents in MediaPlayer1 is invalid.
Line 285: The property name SendWarningEvents in MediaPlayer1 is invalid.
Line 286: The property name SendErrorEvents in MediaPlayer1 is invalid.
Line 287: The property name SendKeyboardEvents in MediaPlayer1 is invalid.
Line 288: The property name SendMouseClickEvents in MediaPlayer1 is invalid.
Line 289: The property name SendMouseMoveEvents in MediaPlayer1 is invalid.
Line 290: The property name SendPlayStateChangeEvents in MediaPlayer1 is invalid.
Line 291: The property name ShowCaptioning in MediaPlayer1 is invalid.
Line 292: The property name ShowControls in MediaPlayer1 is invalid.
Line 293: The property name ShowAudioControls in MediaPlayer1 is invalid.
Line 294: The property name ShowDisplay in MediaPlayer1 is invalid.
Line 295: The property name ShowGotoBar in MediaPlayer1 is invalid.
Line 296: The property name ShowPositionControls in MediaPlayer1 is invalid.
Line 297: The property name ShowStatusBar in MediaPlayer1 is invalid.
Line 298: The property name ShowTracker in MediaPlayer1 is invalid.
Line 299: The property name TransparentAtStart in MediaPlayer1 is invalid.
Line 300: The property name VideoBorderWidth in MediaPlayer1 is invalid.
Line 301: The property name VideoBorderColor in MediaPlayer1 is invalid.
Line 302: The property name VideoBorder3D in MediaPlayer1 is invalid.
Line 303: The property name Volume in MediaPlayer1 is invalid.
Line 304: The property name WindowlessVideo in MediaPlayer1 is invalid.
